This file contains any messages produced by compilers while
running configure, to aid debugging if configure makes a mistake.

It was created by GNU RCS configure 5.10.0, which was
generated by GNU Autoconf 2.69c.  Invocation command line was

  $ ./configure --prefix=/home/jules/rcs_install

## --------- ##
## Platform. ##
## --------- ##

hostname = devbox
uname -m = x86_64
uname -r = 6.8.0
uname -s = Linux
uname -v = #1 SMP PREEMPT_DYNAMIC Wed Jan 14 23:11:35 UTC 2026

/usr/bin/uname -p = x86_64
/bin/uname -X     = unknown

/bin/arch              = x86_64
/usr/bin/arch -k       = unknown
/usr/convex/getsysinfo = unknown
/usr/bin/hostinfo      = unknown
/bin/machine           = unknown
/usr/bin/oslevel       = unknown
/bin/universe          = unknown

PATH: /home/jules/rcs_install/bin/
PATH: /home/jules/rcs_install/bin/
PATH: /home/jules/ed_install/bin/
PATH: /home/jules/ed_install/bin/
PATH: /home/jules/rcs_install/bin/
PATH: /home/jules/ed_install/bin/
PATH: /home/jules/rcs_install/bin/
PATH: /home/jules/rcs_install/bin/
PATH: /home/jules/.nvm/versions/node/v22.22.0/bin/
PATH: /home/jules/.pyenv/shims/
PATH: /home/jules/.pyenv/bin/
PATH: /home/jules/.local/bin/
PATH: /opt/flutter/bin/
PATH: /usr/lib/dotnet/
PATH: /opt/android-sdk/cmdline-tools/latest/bin/
PATH: /opt/android-sdk/platform-tools/
PATH: /go/bin/
PATH: /usr/local/go/bin/
PATH: /usr/share/gradle/bin/
PATH: /usr/share/maven/bin/
PATH: /home/jules/.local/bin/
PATH: /home/jules/.cargo/bin/
PATH: /usr/local/bun/bin/
PATH: /usr/local/sbin/
PATH: /usr/local/bin/
PATH: /usr/sbin/
PATH: /usr/bin/
PATH: /sbin/
PATH: /bin/
PATH: /snap/bin/
PATH: /home/jules/.dotnet/tools/


## ----------- ##
## Core tests. ##
## ----------- ##

configure:3815: checking for a BSD-compatible install
configure:3888: result: /usr/bin/install -c
configure:3899: checking whether build environment is sane
configure:3954: result: yes
configure:4115: checking for a race-free mkdir -p
configure:4159: result: /usr/bin/mkdir -p
configure:4166: checking for gawk
configure:4187: found /usr/bin/gawk
configure:4198: result: gawk
configure:4209: checking whether make sets $(MAKE)
configure:4232: result: yes
configure:4262: checking whether make supports nested variables
configure:4280: result: yes
configure:4624: checking if gdiff works like GNU diff
configure:4645: result: no
configure:4661: checking if rdiff works like GNU diff
configure:4682: result: no
configure:4698: checking if diff works like GNU diff
configure:4719: result: yes
configure:4739: checking for diff
configure:4762: found /usr/bin/diff
configure:4775: result: /usr/bin/diff
configure:4800: checking diff success status
configure:4811: result: 0
configure:4818: checking diff failure status
configure:4829: result: 1
configure:4836: checking diff trouble status
configure:4847: result: 2
configure:4856: checking diff options for RCS
configure:4874: result: -an
configure:4881: checking if diff understands --label
configure:4909: result: yes
configure:4934: checking for gdiff3
configure:4969: result: no
configure:4934: checking for diff3
configure:4955: found /usr/bin/diff3
configure:4966: result: diff3
configure:4985: checking for diff3
configure:5008: found /usr/bin/diff3
configure:5021: result: /usr/bin/diff3
configure:5039: checking if diff3 works like GNU diff3
configure:5065: result: yes
configure:5081: checking for ed
configure:5117: result: no
configure:5127: error: Could not find absolute name of original ed program: ed

## ---------------- ##
## Cache variables. ##
## ---------------- ##

ac_cv_env_CC_set=
ac_cv_env_CC_value=
ac_cv_env_CFLAGS_set=
ac_cv_env_CFLAGS_value=
ac_cv_env_CPPFLAGS_set=
ac_cv_env_CPPFLAGS_value=
ac_cv_env_CPP_set=
ac_cv_env_CPP_value=
ac_cv_env_DIFF3_set=
ac_cv_env_DIFF3_value=
ac_cv_env_DIFF_set=
ac_cv_env_DIFF_value=
ac_cv_env_LDFLAGS_set=
ac_cv_env_LDFLAGS_value=
ac_cv_env_LIBS_set=
ac_cv_env_LIBS_value=
ac_cv_env_PIC_set=
ac_cv_env_PIC_value=
ac_cv_env_SOELIM_set=
ac_cv_env_SOELIM_value=
ac_cv_env_build_alias_set=
ac_cv_env_build_alias_value=
ac_cv_env_host_alias_set=
ac_cv_env_host_alias_value=
ac_cv_env_target_alias_set=
ac_cv_env_target_alias_value=
ac_cv_path_DIFF3=/usr/bin/diff3
ac_cv_path_DIFF=/usr/bin/diff
ac_cv_path_ED=no
ac_cv_path_install='/usr/bin/install -c'
ac_cv_path_mkdir=/usr/bin/mkdir
ac_cv_prog_AWK=gawk
ac_cv_prog_DIFF3=diff3
ac_cv_prog_make_make_set=yes
am_cv_make_support_nested_variables=yes
rcs_cv_options_diff=-an
rcs_cv_options_diff_l=yes
rcs_cv_sane_diff3=yes
rcs_cv_sane_diff=yes
rcs_cv_sane_gdiff=no
rcs_cv_sane_rdiff=no
rcs_cv_status_diff_failure=1
rcs_cv_status_diff_success=0
rcs_cv_status_diff_trouble=2

## ----------------- ##
## Output variables. ##
## ----------------- ##

ABSFILENAMEGLOB=''
ACLOCAL='${SHELL} /app/rcs-5.10.0/build-aux/missing aclocal-1.16'
ALLOCA=''
ALLOCA_H=''
AMDEPBACKSLASH=''
AMDEP_FALSE=''
AMDEP_TRUE=''
AMTAR='$${TAR-tar}'
AM_BACKSLASH='\'
AM_DEFAULT_V='$(AM_DEFAULT_VERBOSITY)'
AM_DEFAULT_VERBOSITY='1'
AM_V='$(V)'
APPLE_UNIVERSAL_BUILD=''
AR=''
ARFLAGS=''
AUTOCONF='${SHELL} /app/rcs-5.10.0/build-aux/missing autoconf'
AUTOHEADER='${SHELL} /app/rcs-5.10.0/build-aux/missing autoheader'
AUTOMAKE='${SHELL} /app/rcs-5.10.0/build-aux/missing automake-1.16'
AWK='gawk'
BITSIZEOF_PTRDIFF_T=''
BITSIZEOF_SIG_ATOMIC_T=''
BITSIZEOF_SIZE_T=''
BITSIZEOF_WCHAR_T=''
BITSIZEOF_WINT_T=''
CC=''
CCDEPMODE=''
CFLAGS=''
CPP=''
CPPFLAGS=''
CYGPATH_W='echo'
DEFS=''
DEPDIR=''
DIFF3='/usr/bin/diff3'
DIFF='/usr/bin/diff'
ECHO_C=''
ECHO_N='-n'
ECHO_T=''
ED='no'
EGREP=''
EMULTIHOP_HIDDEN=''
EMULTIHOP_VALUE=''
ENOLINK_HIDDEN=''
ENOLINK_VALUE=''
EOVERFLOW_HIDDEN=''
EOVERFLOW_VALUE=''
ERRNO_H=''
EXEEXT=''
FLOAT_H=''
GETOPT_CDEFS_H=''
GETOPT_H=''
GL_COND_LIBTOOL_FALSE=''
GL_COND_LIBTOOL_TRUE=''
GL_GENERATE_ALLOCA_H_FALSE=''
GL_GENERATE_ALLOCA_H_TRUE=''
GL_GENERATE_ERRNO_H_FALSE=''
GL_GENERATE_ERRNO_H_TRUE=''
GL_GENERATE_FLOAT_H_FALSE=''
GL_GENERATE_FLOAT_H_TRUE=''
GL_GENERATE_LIMITS_H_FALSE=''
GL_GENERATE_LIMITS_H_TRUE=''
GL_GENERATE_STDALIGN_H_FALSE=''
GL_GENERATE_STDALIGN_H_TRUE=''
GL_GENERATE_STDARG_H_FALSE=''
GL_GENERATE_STDARG_H_TRUE=''
GL_GENERATE_STDBOOL_H_FALSE=''
GL_GENERATE_STDBOOL_H_TRUE=''
GL_GENERATE_STDDEF_H_FALSE=''
GL_GENERATE_STDDEF_H_TRUE=''
GL_GENERATE_STDINT_H_FALSE=''
GL_GENERATE_STDINT_H_TRUE=''
GNULIB_ACCESS=''
GNULIB_ACOSF=''
GNULIB_ACOSL=''
GNULIB_ALPHASORT=''
GNULIB_ASINF=''
GNULIB_ASINL=''
GNULIB_ATAN2F=''
GNULIB_ATANF=''
GNULIB_ATANL=''
GNULIB_ATOLL=''
GNULIB_BTOWC=''
GNULIB_CALLOC_POSIX=''
GNULIB_CANONICALIZE_FILE_NAME=''
GNULIB_CBRT=''
GNULIB_CBRTF=''
GNULIB_CBRTL=''
GNULIB_CEIL=''
GNULIB_CEILF=''
GNULIB_CEILL=''
GNULIB_CHDIR=''
GNULIB_CHOWN=''
GNULIB_CLOSE=''
GNULIB_CLOSEDIR=''
GNULIB_COPYSIGN=''
GNULIB_COPYSIGNF=''
GNULIB_COPYSIGNL=''
GNULIB_COPY_FILE_RANGE=''
GNULIB_COSF=''
GNULIB_COSHF=''
GNULIB_COSL=''
GNULIB_CREAT=''
GNULIB_CTIME=''
GNULIB_DIRFD=''
GNULIB_DPRINTF=''
GNULIB_DUP2=''
GNULIB_DUP3=''
GNULIB_DUP=''
GNULIB_ENVIRON=''
GNULIB_EUIDACCESS=''
GNULIB_EXP2=''
GNULIB_EXP2F=''
GNULIB_EXP2L=''
GNULIB_EXPF=''
GNULIB_EXPL=''
GNULIB_EXPLICIT_BZERO=''
GNULIB_EXPM1=''
GNULIB_EXPM1F=''
GNULIB_EXPM1L=''
GNULIB_FABSF=''
GNULIB_FABSL=''
GNULIB_FACCESSAT=''
GNULIB_FCHDIR=''
GNULIB_FCHMODAT=''
GNULIB_FCHOWNAT=''
GNULIB_FCLOSE=''
GNULIB_FCNTL=''
GNULIB_FDATASYNC=''
GNULIB_FDOPEN=''
GNULIB_FDOPENDIR=''
GNULIB_FFLUSH=''
GNULIB_FFSL=''
GNULIB_FFSLL=''
GNULIB_FGETC=''
GNULIB_FGETS=''
GNULIB_FLOOR=''
GNULIB_FLOORF=''
GNULIB_FLOORL=''
GNULIB_FMA=''
GNULIB_FMAF=''
GNULIB_FMAL=''
GNULIB_FMOD=''
GNULIB_FMODF=''
GNULIB_FMODL=''
GNULIB_FOPEN=''
GNULIB_FPRINTF=''
GNULIB_FPRINTF_POSIX=''
GNULIB_FPURGE=''
GNULIB_FPUTC=''
GNULIB_FPUTS=''
GNULIB_FREAD=''
GNULIB_FREOPEN=''
GNULIB_FREXP=''
GNULIB_FREXPF=''
GNULIB_FREXPL=''
GNULIB_FSCANF=''
GNULIB_FSEEK=''
GNULIB_FSEEKO=''
GNULIB_FSTAT=''
GNULIB_FSTATAT=''
GNULIB_FSYNC=''
GNULIB_FTELL=''
GNULIB_FTELLO=''
GNULIB_FTRUNCATE=''
GNULIB_FUTIMENS=''
GNULIB_FWRITE=''
GNULIB_GETC=''
GNULIB_GETCHAR=''
GNULIB_GETCWD=''
GNULIB_GETDELIM=''
GNULIB_GETDOMAINNAME=''
GNULIB_GETDTABLESIZE=''
GNULIB_GETENTROPY=''
GNULIB_GETGROUPS=''
GNULIB_GETHOSTNAME=''
GNULIB_GETLINE=''
GNULIB_GETLOADAVG=''
GNULIB_GETLOGIN=''
GNULIB_GETLOGIN_R=''
GNULIB_GETOPT_POSIX=''
GNULIB_GETPAGESIZE=''
GNULIB_GETPASS=''
GNULIB_GETRANDOM=''
GNULIB_GETSUBOPT=''
GNULIB_GETTIMEOFDAY=''
GNULIB_GETUMASK=''
GNULIB_GETUSERSHELL=''
GNULIB_GL_UNISTD_H_GETOPT=''
GNULIB_GRANTPT=''
GNULIB_GROUP_MEMBER=''
GNULIB_HYPOT=''
GNULIB_HYPOTF=''
GNULIB_HYPOTL=''
GNULIB_ILOGB=''
GNULIB_ILOGBF=''
GNULIB_ILOGBL=''
GNULIB_IMAXABS=''
GNULIB_IMAXDIV=''
GNULIB_ISATTY=''
GNULIB_ISFINITE=''
GNULIB_ISINF=''
GNULIB_ISNAN=''
GNULIB_ISNAND=''
GNULIB_ISNANF=''
GNULIB_ISNANL=''
GNULIB_LCHMOD=''
GNULIB_LCHOWN=''
GNULIB_LDEXPF=''
GNULIB_LDEXPL=''
GNULIB_LINK=''
GNULIB_LINKAT=''
GNULIB_LOCALTIME=''
GNULIB_LOG10=''
GNULIB_LOG10F=''
GNULIB_LOG10L=''
GNULIB_LOG1P=''
GNULIB_LOG1PF=''
GNULIB_LOG1PL=''
GNULIB_LOG2=''
GNULIB_LOG2F=''
GNULIB_LOG2L=''
GNULIB_LOG=''
GNULIB_LOGB=''
GNULIB_LOGBF=''
GNULIB_LOGBL=''
GNULIB_LOGF=''
GNULIB_LOGL=''
GNULIB_LSEEK=''
GNULIB_LSTAT=''
GNULIB_MALLOC_POSIX=''
GNULIB_MBRLEN=''
GNULIB_MBRTOWC=''
GNULIB_MBSCASECMP=''
GNULIB_MBSCASESTR=''
GNULIB_MBSCHR=''
GNULIB_MBSCSPN=''
GNULIB_MBSINIT=''
GNULIB_MBSLEN=''
GNULIB_MBSNCASECMP=''
GNULIB_MBSNLEN=''
GNULIB_MBSNRTOWCS=''
GNULIB_MBSPBRK=''
GNULIB_MBSPCASECMP=''
GNULIB_MBSRCHR=''
GNULIB_MBSRTOWCS=''
GNULIB_MBSSEP=''
GNULIB_MBSSPN=''
GNULIB_MBSSTR=''
GNULIB_MBSTOK_R=''
GNULIB_MBTOWC=''
GNULIB_MEMCHR=''
GNULIB_MEMMEM=''
GNULIB_MEMPCPY=''
GNULIB_MEMRCHR=''
GNULIB_MKDIRAT=''
GNULIB_MKDTEMP=''
GNULIB_MKFIFO=''
GNULIB_MKFIFOAT=''
GNULIB_MKNOD=''
GNULIB_MKNODAT=''
GNULIB_MKOSTEMP=''
GNULIB_MKOSTEMPS=''
GNULIB_MKSTEMP=''
GNULIB_MKSTEMPS=''
GNULIB_MKTIME=''
GNULIB_MODF=''
GNULIB_MODFF=''
GNULIB_MODFL=''
GNULIB_NANOSLEEP=''
GNULIB_NONBLOCKING=''
GNULIB_OBSTACK_PRINTF=''
GNULIB_OBSTACK_PRINTF_POSIX=''
GNULIB_OPEN=''
GNULIB_OPENAT=''
GNULIB_OPENDIR=''
GNULIB_OVERRIDES_STRUCT_STAT=''
GNULIB_OVERRIDES_WINT_T=''
GNULIB_PCLOSE=''
GNULIB_PERROR=''
GNULIB_PIPE2=''
GNULIB_PIPE=''
GNULIB_POPEN=''
GNULIB_POSIX_OPENPT=''
GNULIB_POWF=''
GNULIB_PREAD=''
GNULIB_PRINTF=''
GNULIB_PRINTF_POSIX=''
GNULIB_PTHREAD_SIGMASK=''
GNULIB_PTSNAME=''
GNULIB_PTSNAME_R=''
GNULIB_PUTC=''
GNULIB_PUTCHAR=''
GNULIB_PUTENV=''
GNULIB_PUTS=''
GNULIB_PWRITE=''
GNULIB_QSORT_R=''
GNULIB_RAISE=''
GNULIB_RANDOM=''
GNULIB_RANDOM_R=''
GNULIB_RAWMEMCHR=''
GNULIB_READ=''
GNULIB_READDIR=''
GNULIB_READLINK=''
GNULIB_READLINKAT=''
GNULIB_REALLOCARRAY=''
GNULIB_REALLOC_POSIX=''
GNULIB_REALPATH=''
GNULIB_REMAINDER=''
GNULIB_REMAINDERF=''
GNULIB_REMAINDERL=''
GNULIB_REMOVE=''
GNULIB_RENAME=''
GNULIB_RENAMEAT=''
GNULIB_REWINDDIR=''
GNULIB_RINT=''
GNULIB_RINTF=''
GNULIB_RINTL=''
GNULIB_RMDIR=''
GNULIB_ROUND=''
GNULIB_ROUNDF=''
GNULIB_ROUNDL=''
GNULIB_RPMATCH=''
GNULIB_SCANDIR=''
GNULIB_SCANF=''
GNULIB_SECURE_GETENV=''
GNULIB_SETENV=''
GNULIB_SETHOSTNAME=''
GNULIB_SIGABBREV_NP=''
GNULIB_SIGACTION=''
GNULIB_SIGDESCR_NP=''
GNULIB_SIGNAL_H_SIGPIPE=''
GNULIB_SIGNBIT=''
GNULIB_SIGPROCMASK=''
GNULIB_SINF=''
GNULIB_SINHF=''
GNULIB_SINL=''
GNULIB_SLEEP=''
GNULIB_SNPRINTF=''
GNULIB_SPRINTF_POSIX=''
GNULIB_SQRTF=''
GNULIB_SQRTL=''
GNULIB_STAT=''
GNULIB_STDIO_H_NONBLOCKING=''
GNULIB_STDIO_H_SIGPIPE=''
GNULIB_STPCPY=''
GNULIB_STPNCPY=''
GNULIB_STRCASESTR=''
GNULIB_STRCHRNUL=''
GNULIB_STRDUP=''
GNULIB_STRERROR=''
GNULIB_STRERRORNAME_NP=''
GNULIB_STRERROR_R=''
GNULIB_STRFTIME=''
GNULIB_STRNCAT=''
GNULIB_STRNDUP=''
GNULIB_STRNLEN=''
GNULIB_STRPBRK=''
GNULIB_STRPTIME=''
GNULIB_STRSEP=''
GNULIB_STRSIGNAL=''
GNULIB_STRSTR=''
GNULIB_STRTOD=''
GNULIB_STRTOIMAX=''
GNULIB_STRTOK_R=''
GNULIB_STRTOLD=''
GNULIB_STRTOLL=''
GNULIB_STRTOULL=''
GNULIB_STRTOUMAX=''
GNULIB_STRVERSCMP=''
GNULIB_SYMLINK=''
GNULIB_SYMLINKAT=''
GNULIB_SYSTEM_POSIX=''
GNULIB_TANF=''
GNULIB_TANHF=''
GNULIB_TANL=''
GNULIB_TIMEGM=''
GNULIB_TIME_R=''
GNULIB_TIME_RZ=''
GNULIB_TMPFILE=''
GNULIB_TRUNC=''
GNULIB_TRUNCATE=''
GNULIB_TRUNCF=''
GNULIB_TRUNCL=''
GNULIB_TTYNAME_R=''
GNULIB_TZSET=''
GNULIB_UNISTD_H_NONBLOCKING=''
GNULIB_UNISTD_H_SIGPIPE=''
GNULIB_UNLINK=''
GNULIB_UNLINKAT=''
GNULIB_UNLOCKPT=''
GNULIB_UNSETENV=''
GNULIB_USLEEP=''
GNULIB_UTIME=''
GNULIB_UTIMENSAT=''
GNULIB_VASPRINTF=''
GNULIB_VDPRINTF=''
GNULIB_VFPRINTF=''
GNULIB_VFPRINTF_POSIX=''
GNULIB_VFSCANF=''
GNULIB_VPRINTF=''
GNULIB_VPRINTF_POSIX=''
GNULIB_VSCANF=''
GNULIB_VSNPRINTF=''
GNULIB_VSPRINTF_POSIX=''
GNULIB_WAITPID=''
GNULIB_WCPCPY=''
GNULIB_WCPNCPY=''
GNULIB_WCRTOMB=''
GNULIB_WCSCASECMP=''
GNULIB_WCSCAT=''
GNULIB_WCSCHR=''
GNULIB_WCSCMP=''
GNULIB_WCSCOLL=''
GNULIB_WCSCPY=''
GNULIB_WCSCSPN=''
GNULIB_WCSDUP=''
GNULIB_WCSFTIME=''
GNULIB_WCSLEN=''
GNULIB_WCSNCASECMP=''
GNULIB_WCSNCAT=''
GNULIB_WCSNCMP=''
GNULIB_WCSNCPY=''
GNULIB_WCSNLEN=''
GNULIB_WCSNRTOMBS=''
GNULIB_WCSPBRK=''
GNULIB_WCSRCHR=''
GNULIB_WCSRTOMBS=''
GNULIB_WCSSPN=''
GNULIB_WCSSTR=''
GNULIB_WCSTOK=''
GNULIB_WCSWIDTH=''
GNULIB_WCSXFRM=''
GNULIB_WCTOB=''
GNULIB_WCTOMB=''
GNULIB_WCWIDTH=''
GNULIB_WMEMCHR=''
GNULIB_WMEMCMP=''
GNULIB_WMEMCPY=''
GNULIB_WMEMMOVE=''
GNULIB_WMEMPCPY=''
GNULIB_WMEMSET=''
GNULIB_WRITE=''
GNULIB__EXIT=''
GREP=''
HAVE_ACOSF=''
HAVE_ACOSL=''
HAVE_ALLOCA_H=''
HAVE_ALPHASORT=''
HAVE_ASINF=''
HAVE_ASINL=''
HAVE_ATAN2F=''
HAVE_ATANF=''
HAVE_ATANL=''
HAVE_ATOLL=''
HAVE_BTOWC=''
HAVE_C99_STDINT_H=''
HAVE_CANONICALIZE_FILE_NAME=''
HAVE_CBRT=''
HAVE_CBRTF=''
HAVE_CBRTL=''
HAVE_CHOWN=''
HAVE_CLOSEDIR=''
HAVE_COPYSIGN=''
HAVE_COPYSIGNL=''
HAVE_COPY_FILE_RANGE=''
HAVE_COSF=''
HAVE_COSHF=''
HAVE_COSL=''
HAVE_CRTDEFS_H=''
HAVE_DECL_ACOSL=''
HAVE_DECL_ASINL=''
HAVE_DECL_ATANL=''
HAVE_DECL_CBRTF=''
HAVE_DECL_CBRTL=''
HAVE_DECL_CEILF=''
HAVE_DECL_CEILL=''
HAVE_DECL_COPYSIGNF=''
HAVE_DECL_COSL=''
HAVE_DECL_DIRFD=''
HAVE_DECL_ENVIRON=''
HAVE_DECL_EXP2=''
HAVE_DECL_EXP2F=''
HAVE_DECL_EXP2L=''
HAVE_DECL_EXPL=''
HAVE_DECL_EXPM1L=''
HAVE_DECL_FCHDIR=''
HAVE_DECL_FDATASYNC=''
HAVE_DECL_FDOPENDIR=''
HAVE_DECL_FLOORF=''
HAVE_DECL_FLOORL=''
HAVE_DECL_FPURGE=''
HAVE_DECL_FREXPL=''
HAVE_DECL_FSEEKO=''
HAVE_DECL_FTELLO=''
HAVE_DECL_GETDELIM=''
HAVE_DECL_GETDOMAINNAME=''
HAVE_DECL_GETLINE=''
HAVE_DECL_GETLOADAVG=''
HAVE_DECL_GETLOGIN=''
HAVE_DECL_GETLOGIN_R=''
HAVE_DECL_GETPAGESIZE=''
HAVE_DECL_GETUSERSHELL=''
HAVE_DECL_IMAXABS=''
HAVE_DECL_IMAXDIV=''
HAVE_DECL_INITSTATE=''
HAVE_DECL_LDEXPL=''
HAVE_DECL_LOCALTIME_R=''
HAVE_DECL_LOG10L=''
HAVE_DECL_LOG2=''
HAVE_DECL_LOG2F=''
HAVE_DECL_LOG2L=''
HAVE_DECL_LOGB=''
HAVE_DECL_LOGL=''
HAVE_DECL_MEMMEM=''
HAVE_DECL_MEMRCHR=''
HAVE_DECL_OBSTACK_PRINTF=''
HAVE_DECL_REMAINDER=''
HAVE_DECL_REMAINDERL=''
HAVE_DECL_RINTF=''
HAVE_DECL_ROUND=''
HAVE_DECL_ROUNDF=''
HAVE_DECL_ROUNDL=''
HAVE_DECL_SETENV=''
HAVE_DECL_SETHOSTNAME=''
HAVE_DECL_SETSTATE=''
HAVE_DECL_SINL=''
HAVE_DECL_SNPRINTF=''
HAVE_DECL_SQRTL=''
HAVE_DECL_STRDUP=''
HAVE_DECL_STRERROR_R=''
HAVE_DECL_STRNDUP=''
HAVE_DECL_STRNLEN=''
HAVE_DECL_STRSIGNAL=''
HAVE_DECL_STRTOIMAX=''
HAVE_DECL_STRTOK_R=''
HAVE_DECL_STRTOUMAX=''
HAVE_DECL_TANL=''
HAVE_DECL_TRUNC=''
HAVE_DECL_TRUNCATE=''
HAVE_DECL_TRUNCF=''
HAVE_DECL_TRUNCL=''
HAVE_DECL_TTYNAME_R=''
HAVE_DECL_UNSETENV=''
HAVE_DECL_VSNPRINTF=''
HAVE_DECL_WCTOB=''
HAVE_DECL_WCWIDTH=''
HAVE_DIRENT_H=''
HAVE_DPRINTF=''
HAVE_DUP3=''
HAVE_EUIDACCESS=''
HAVE_EXPF=''
HAVE_EXPL=''
HAVE_EXPLICIT_BZERO=''
HAVE_EXPM1=''
HAVE_EXPM1F=''
HAVE_FABSF=''
HAVE_FABSL=''
HAVE_FACCESSAT=''
HAVE_FCHDIR=''
HAVE_FCHMODAT=''
HAVE_FCHOWNAT=''
HAVE_FCNTL=''
HAVE_FDATASYNC=''
HAVE_FDOPENDIR=''
HAVE_FEATURES_H=''
HAVE_FFSL=''
HAVE_FFSLL=''
HAVE_FMA=''
HAVE_FMAF=''
HAVE_FMAL=''
HAVE_FMODF=''
HAVE_FMODL=''
HAVE_FREXPF=''
HAVE_FSEEKO=''
HAVE_FSTATAT=''
HAVE_FSYNC=''
HAVE_FTELLO=''
HAVE_FTRUNCATE=''
HAVE_FUTIMENS=''
HAVE_GETDTABLESIZE=''
HAVE_GETENTROPY=''
HAVE_GETGROUPS=''
HAVE_GETHOSTNAME=''
HAVE_GETLOGIN=''
HAVE_GETOPT_H=''
HAVE_GETPAGESIZE=''
HAVE_GETPASS=''
HAVE_GETRANDOM=''
HAVE_GETSUBOPT=''
HAVE_GETTIMEOFDAY=''
HAVE_GETUMASK=''
HAVE_GRANTPT=''
HAVE_GROUP_MEMBER=''
HAVE_HYPOTF=''
HAVE_HYPOTL=''
HAVE_ILOGB=''
HAVE_ILOGBF=''
HAVE_ILOGBL=''
HAVE_IMAXDIV_T=''
HAVE_INITSTATE=''
HAVE_INTTYPES_H=''
HAVE_ISNAND=''
HAVE_ISNANF=''
HAVE_ISNANL=''
HAVE_LCHMOD=''
HAVE_LCHOWN=''
HAVE_LDEXPF=''
HAVE_LINK=''
HAVE_LINKAT=''
HAVE_LOG10F=''
HAVE_LOG10L=''
HAVE_LOG1P=''
HAVE_LOG1PF=''
HAVE_LOG1PL=''
HAVE_LOGBF=''
HAVE_LOGBL=''
HAVE_LOGF=''
HAVE_LOGL=''
HAVE_LSTAT=''
HAVE_MAX_ALIGN_T=''
HAVE_MBRLEN=''
HAVE_MBRTOWC=''
HAVE_MBSINIT=''
HAVE_MBSLEN=''
HAVE_MBSNRTOWCS=''
HAVE_MBSRTOWCS=''
HAVE_MBTOWC=''
HAVE_MEMPCPY=''
HAVE_MKDIRAT=''
HAVE_MKDTEMP=''
HAVE_MKFIFO=''
HAVE_MKFIFOAT=''
HAVE_MKNOD=''
HAVE_MKNODAT=''
HAVE_MKOSTEMP=''
HAVE_MKOSTEMPS=''
HAVE_MKSTEMP=''
HAVE_MKSTEMPS=''
HAVE_MODFF=''
HAVE_MODFL=''
HAVE_MSVC_INVALID_PARAMETER_HANDLER=''
HAVE_NANOSLEEP=''
HAVE_OPENAT=''
HAVE_OPENDIR=''
HAVE_OS_H=''
HAVE_PCLOSE=''
HAVE_PIPE2=''
HAVE_PIPE=''
HAVE_POPEN=''
HAVE_POSIX_OPENPT=''
HAVE_POSIX_SIGNALBLOCKING=''
HAVE_POWF=''
HAVE_PREAD=''
HAVE_PTHREAD_SIGMASK=''
HAVE_PTSNAME=''
HAVE_PTSNAME_R=''
HAVE_PWRITE=''
HAVE_QSORT_R=''
HAVE_RAISE=''
HAVE_RANDOM=''
HAVE_RANDOM_H=''
HAVE_RANDOM_R=''
HAVE_RAWMEMCHR=''
HAVE_READDIR=''
HAVE_READLINK=''
HAVE_READLINKAT=''
HAVE_REALLOCARRAY=''
HAVE_REALPATH=''
HAVE_REMAINDER=''
HAVE_REMAINDERF=''
HAVE_RENAMEAT=''
HAVE_REWINDDIR=''
HAVE_RINT=''
HAVE_RINTL=''
HAVE_RPMATCH=''
HAVE_SAME_LONG_DOUBLE_AS_DOUBLE=''
HAVE_SCANDIR=''
HAVE_SECURE_GETENV=''
HAVE_SETENV=''
HAVE_SETHOSTNAME=''
HAVE_SETSTATE=''
HAVE_SIGABBREV_NP=''
HAVE_SIGACTION=''
HAVE_SIGDESCR_NP=''
HAVE_SIGHANDLER_T=''
HAVE_SIGINFO_T=''
HAVE_SIGNED_SIG_ATOMIC_T=''
HAVE_SIGNED_WCHAR_T=''
HAVE_SIGNED_WINT_T=''
HAVE_SIGSET_T=''
HAVE_SINF=''
HAVE_SINHF=''
HAVE_SINL=''
HAVE_SLEEP=''
HAVE_SQRTF=''
HAVE_SQRTL=''
HAVE_STDINT_H=''
HAVE_STPCPY=''
HAVE_STPNCPY=''
HAVE_STRCASESTR=''
HAVE_STRCHRNUL=''
HAVE_STRERRORNAME_NP=''
HAVE_STRPBRK=''
HAVE_STRPTIME=''
HAVE_STRSEP=''
HAVE_STRTOD=''
HAVE_STRTOLD=''
HAVE_STRTOLL=''
HAVE_STRTOULL=''
HAVE_STRUCT_RANDOM_DATA=''
HAVE_STRUCT_SIGACTION_SA_SIGACTION=''
HAVE_STRUCT_TIMEVAL=''
HAVE_STRVERSCMP=''
HAVE_SYMLINK=''
HAVE_SYMLINKAT=''
HAVE_SYS_BITYPES_H=''
HAVE_SYS_CDEFS_H=''
HAVE_SYS_INTTYPES_H=''
HAVE_SYS_LOADAVG_H=''
HAVE_SYS_PARAM_H=''
HAVE_SYS_RANDOM_H=''
HAVE_SYS_TIME_H=''
HAVE_SYS_TYPES_H=''
HAVE_TANF=''
HAVE_TANHF=''
HAVE_TANL=''
HAVE_TIMEGM=''
HAVE_TIMEZONE_T=''
HAVE_TYPE_VOLATILE_SIG_ATOMIC_T=''
HAVE_UNISTD_H=''
HAVE_UNLINKAT=''
HAVE_UNLOCKPT=''
HAVE_USLEEP=''
HAVE_UTIME=''
HAVE_UTIMENSAT=''
HAVE_UTIME_H=''
HAVE_VASPRINTF=''
HAVE_VDPRINTF=''
HAVE_WCHAR_H=''
HAVE_WCHAR_T=''
HAVE_WCPCPY=''
HAVE_WCPNCPY=''
HAVE_WCRTOMB=''
HAVE_WCSCASECMP=''
HAVE_WCSCAT=''
HAVE_WCSCHR=''
HAVE_WCSCMP=''
HAVE_WCSCOLL=''
HAVE_WCSCPY=''
HAVE_WCSCSPN=''
HAVE_WCSDUP=''
HAVE_WCSFTIME=''
HAVE_WCSLEN=''
HAVE_WCSNCASECMP=''
HAVE_WCSNCAT=''
HAVE_WCSNCMP=''
HAVE_WCSNCPY=''
HAVE_WCSNLEN=''
HAVE_WCSNRTOMBS=''
HAVE_WCSPBRK=''
HAVE_WCSRCHR=''
HAVE_WCSRTOMBS=''
HAVE_WCSSPN=''
HAVE_WCSSTR=''
HAVE_WCSTOK=''
HAVE_WCSWIDTH=''
HAVE_WCSXFRM=''
HAVE_WINSOCK2_H=''
HAVE_WINT_T=''
HAVE_WMEMCHR=''
HAVE_WMEMCMP=''
HAVE_WMEMCPY=''
HAVE_WMEMMOVE=''
HAVE_WMEMPCPY=''
HAVE_WMEMSET=''
HAVE__BOOL=''
HAVE__EXIT=''
INCLUDE_NEXT=''
INCLUDE_NEXT_AS_FIRST_DIRECTIVE=''
INSTALL_DATA='${INSTALL} -m 644'
INSTALL_PROGRAM='${INSTALL}'
INSTALL_SCRIPT='${INSTALL}'
INSTALL_STRIP_PROGRAM='$(install_sh) -c -s'
INT32_MAX_LT_INTMAX_MAX=''
INT64_MAX_EQ_LONG_MAX=''
LDFLAGS=''
LIBGNU_LIBDEPS=''
LIBGNU_LTLIBDEPS=''
LIBINTL=''
LIBMULTITHREAD=''
LIBOBJS=''
LIBPMULTITHREAD=''
LIBPTHREAD=''
LIBS=''
LIBSTDTHREAD=''
LIBTHREAD=''
LIB_CLOCK_GETTIME=''
LIB_GETLOGIN=''
LIB_GETRANDOM=''
LIB_SCHED_YIELD=''
LIMITS_H=''
LTLIBINTL=''
LTLIBMULTITHREAD=''
LTLIBOBJS=''
LTLIBTHREAD=''
MAKEINFO='${SHELL} /app/rcs-5.10.0/build-aux/missing makeinfo'
MKDIR_P='/usr/bin/mkdir -p'
NEXT_AS_FIRST_DIRECTIVE_DIRENT_H=''
NEXT_AS_FIRST_DIRECTIVE_ERRNO_H=''
NEXT_AS_FIRST_DIRECTIVE_FCNTL_H=''
NEXT_AS_FIRST_DIRECTIVE_FLOAT_H=''
NEXT_AS_FIRST_DIRECTIVE_GETOPT_H=''
NEXT_AS_FIRST_DIRECTIVE_INTTYPES_H=''
NEXT_AS_FIRST_DIRECTIVE_LIMITS_H=''
NEXT_AS_FIRST_DIRECTIVE_MATH_H=''
NEXT_AS_FIRST_DIRECTIVE_SIGNAL_H=''
NEXT_AS_FIRST_DIRECTIVE_STDARG_H=''
NEXT_AS_FIRST_DIRECTIVE_STDDEF_H=''
NEXT_AS_FIRST_DIRECTIVE_STDINT_H=''
NEXT_AS_FIRST_DIRECTIVE_STDIO_H=''
NEXT_AS_FIRST_DIRECTIVE_STDLIB_H=''
NEXT_AS_FIRST_DIRECTIVE_STRING_H=''
NEXT_AS_FIRST_DIRECTIVE_SYS_RANDOM_H=''
NEXT_AS_FIRST_DIRECTIVE_SYS_STAT_H=''
NEXT_AS_FIRST_DIRECTIVE_SYS_TIME_H=''
NEXT_AS_FIRST_DIRECTIVE_SYS_TYPES_H=''
NEXT_AS_FIRST_DIRECTIVE_SYS_WAIT_H=''
NEXT_AS_FIRST_DIRECTIVE_TIME_H=''
NEXT_AS_FIRST_DIRECTIVE_UNISTD_H=''
NEXT_AS_FIRST_DIRECTIVE_UTIME_H=''
NEXT_AS_FIRST_DIRECTIVE_WCHAR_H=''
NEXT_DIRENT_H=''
NEXT_ERRNO_H=''
NEXT_FCNTL_H=''
NEXT_FLOAT_H=''
NEXT_GETOPT_H=''
NEXT_INTTYPES_H=''
NEXT_LIMITS_H=''
NEXT_MATH_H=''
NEXT_SIGNAL_H=''
NEXT_STDARG_H=''
NEXT_STDDEF_H=''
NEXT_STDINT_H=''
NEXT_STDIO_H=''
NEXT_STDLIB_H=''
NEXT_STRING_H=''
NEXT_SYS_RANDOM_H=''
NEXT_SYS_STAT_H=''
NEXT_SYS_TIME_H=''
NEXT_SYS_TYPES_H=''
NEXT_SYS_WAIT_H=''
NEXT_TIME_H=''
NEXT_UNISTD_H=''
NEXT_UTIME_H=''
NEXT_WCHAR_H=''
OBJEXT=''
PACKAGE='rcs'
PACKAGE_BUGREPORT='bug-rcs@gnu.org'
PACKAGE_NAME='GNU RCS'
PACKAGE_STRING='GNU RCS 5.10.0'
PACKAGE_TARNAME='rcs'
PACKAGE_URL='https://www.gnu.org/software/rcs/'
PACKAGE_VERSION='5.10.0'
PATH_SEPARATOR=':'
PIC=''
PRAGMA_COLUMNS=''
PRAGMA_SYSTEM_HEADER=''
PRIPTR_PREFIX=''
PTHREAD_H_DEFINES_STRUCT_TIMESPEC=''
PTRDIFF_T_SUFFIX=''
RANLIB=''
REPLACE_ACCESS=''
REPLACE_ACOSF=''
REPLACE_ASINF=''
REPLACE_ATAN2F=''
REPLACE_ATANF=''
REPLACE_BTOWC=''
REPLACE_CALLOC=''
REPLACE_CANONICALIZE_FILE_NAME=''
REPLACE_CBRTF=''
REPLACE_CBRTL=''
REPLACE_CEIL=''
REPLACE_CEILF=''
REPLACE_CEILL=''
REPLACE_CHOWN=''
REPLACE_CLOSE=''
REPLACE_CLOSEDIR=''
REPLACE_COSF=''
REPLACE_COSHF=''
REPLACE_CREAT=''
REPLACE_CTIME=''
REPLACE_DIRFD=''
REPLACE_DPRINTF=''
REPLACE_DUP2=''
REPLACE_DUP=''
REPLACE_EXP2=''
REPLACE_EXP2L=''
REPLACE_EXPF=''
REPLACE_EXPL=''
REPLACE_EXPM1=''
REPLACE_EXPM1F=''
REPLACE_EXPM1L=''
REPLACE_FABSL=''
REPLACE_FACCESSAT=''
REPLACE_FCHMODAT=''
REPLACE_FCHOWNAT=''
REPLACE_FCLOSE=''
REPLACE_FCNTL=''
REPLACE_FDOPEN=''
REPLACE_FDOPENDIR=''
REPLACE_FFLUSH=''
REPLACE_FLOOR=''
REPLACE_FLOORF=''
REPLACE_FLOORL=''
REPLACE_FMA=''
REPLACE_FMAF=''
REPLACE_FMAL=''
REPLACE_FMOD=''
REPLACE_FMODF=''
REPLACE_FMODL=''
REPLACE_FOPEN=''
REPLACE_FPRINTF=''
REPLACE_FPURGE=''
REPLACE_FREOPEN=''
REPLACE_FREXP=''
REPLACE_FREXPF=''
REPLACE_FREXPL=''
REPLACE_FSEEK=''
REPLACE_FSEEKO=''
REPLACE_FSTAT=''
REPLACE_FSTATAT=''
REPLACE_FTELL=''
REPLACE_FTELLO=''
REPLACE_FTRUNCATE=''
REPLACE_FUTIMENS=''
REPLACE_GETCWD=''
REPLACE_GETDELIM=''
REPLACE_GETDOMAINNAME=''
REPLACE_GETDTABLESIZE=''
REPLACE_GETGROUPS=''
REPLACE_GETLINE=''
REPLACE_GETLOGIN_R=''
REPLACE_GETPAGESIZE=''
REPLACE_GETPASS=''
REPLACE_GETRANDOM=''
REPLACE_GETTIMEOFDAY=''
REPLACE_GMTIME=''
REPLACE_HUGE_VAL=''
REPLACE_HYPOT=''
REPLACE_HYPOTF=''
REPLACE_HYPOTL=''
REPLACE_ILOGB=''
REPLACE_ILOGBF=''
REPLACE_ILOGBL=''
REPLACE_INITSTATE=''
REPLACE_ISATTY=''
REPLACE_ISFINITE=''
REPLACE_ISINF=''
REPLACE_ISNAN=''
REPLACE_ITOLD=''
REPLACE_LCHOWN=''
REPLACE_LDEXPL=''
REPLACE_LINK=''
REPLACE_LINKAT=''
REPLACE_LOCALTIME=''
REPLACE_LOCALTIME_R=''
REPLACE_LOG10=''
REPLACE_LOG10F=''
REPLACE_LOG10L=''
REPLACE_LOG1P=''
REPLACE_LOG1PF=''
REPLACE_LOG1PL=''
REPLACE_LOG2=''
REPLACE_LOG2F=''
REPLACE_LOG2L=''
REPLACE_LOG=''
REPLACE_LOGB=''
REPLACE_LOGBF=''
REPLACE_LOGBL=''
REPLACE_LOGF=''
REPLACE_LOGL=''
REPLACE_LSEEK=''
REPLACE_LSTAT=''
REPLACE_MALLOC=''
REPLACE_MBRLEN=''
REPLACE_MBRTOWC=''
REPLACE_MBSINIT=''
REPLACE_MBSNRTOWCS=''
REPLACE_MBSRTOWCS=''
REPLACE_MBSTATE_T=''
REPLACE_MBTOWC=''
REPLACE_MEMCHR=''
REPLACE_MEMMEM=''
REPLACE_MKDIR=''
REPLACE_MKFIFO=''
REPLACE_MKNOD=''
REPLACE_MKSTEMP=''
REPLACE_MKTIME=''
REPLACE_MODF=''
REPLACE_MODFF=''
REPLACE_MODFL=''
REPLACE_NAN=''
REPLACE_NANOSLEEP=''
REPLACE_NULL=''
REPLACE_OBSTACK_PRINTF=''
REPLACE_OPEN=''
REPLACE_OPENAT=''
REPLACE_OPENDIR=''
REPLACE_PERROR=''
REPLACE_POPEN=''
REPLACE_PREAD=''
REPLACE_PRINTF=''
REPLACE_PTHREAD_SIGMASK=''
REPLACE_PTSNAME=''
REPLACE_PTSNAME_R=''
REPLACE_PUTENV=''
REPLACE_PWRITE=''
REPLACE_QSORT_R=''
REPLACE_RAISE=''
REPLACE_RANDOM=''
REPLACE_RANDOM_R=''
REPLACE_READ=''
REPLACE_READLINK=''
REPLACE_READLINKAT=''
REPLACE_REALLOC=''
REPLACE_REALPATH=''
REPLACE_REMAINDER=''
REPLACE_REMAINDERF=''
REPLACE_REMAINDERL=''
REPLACE_REMOVE=''
REPLACE_RENAME=''
REPLACE_RENAMEAT=''
REPLACE_RINTL=''
REPLACE_RMDIR=''
REPLACE_ROUND=''
REPLACE_ROUNDF=''
REPLACE_ROUNDL=''
REPLACE_SETENV=''
REPLACE_SETSTATE=''
REPLACE_SIGNBIT=''
REPLACE_SIGNBIT_USING_BUILTINS=''
REPLACE_SINF=''
REPLACE_SINHF=''
REPLACE_SLEEP=''
REPLACE_SNPRINTF=''
REPLACE_SPRINTF=''
REPLACE_SQRTF=''
REPLACE_SQRTL=''
REPLACE_STAT=''
REPLACE_STDIO_READ_FUNCS=''
REPLACE_STDIO_WRITE_FUNCS=''
REPLACE_STPNCPY=''
REPLACE_STRCASESTR=''
REPLACE_STRCHRNUL=''
REPLACE_STRDUP=''
REPLACE_STRERROR=''
REPLACE_STRERRORNAME_NP=''
REPLACE_STRERROR_R=''
REPLACE_STRFTIME=''
REPLACE_STRNCAT=''
REPLACE_STRNDUP=''
REPLACE_STRNLEN=''
REPLACE_STRSIGNAL=''
REPLACE_STRSTR=''
REPLACE_STRTOD=''
REPLACE_STRTOIMAX=''
REPLACE_STRTOK_R=''
REPLACE_STRTOLD=''
REPLACE_STRTOUMAX=''
REPLACE_STRUCT_TIMEVAL=''
REPLACE_SYMLINK=''
REPLACE_SYMLINKAT=''
REPLACE_TANF=''
REPLACE_TANHF=''
REPLACE_TIMEGM=''
REPLACE_TMPFILE=''
REPLACE_TRUNC=''
REPLACE_TRUNCATE=''
REPLACE_TRUNCF=''
REPLACE_TRUNCL=''
REPLACE_TTYNAME_R=''
REPLACE_TZSET=''
REPLACE_UNLINK=''
REPLACE_UNLINKAT=''
REPLACE_UNSETENV=''
REPLACE_USLEEP=''
REPLACE_UTIME=''
REPLACE_UTIMENSAT=''
REPLACE_VASPRINTF=''
REPLACE_VDPRINTF=''
REPLACE_VFPRINTF=''
REPLACE_VPRINTF=''
REPLACE_VSNPRINTF=''
REPLACE_VSPRINTF=''
REPLACE_WCRTOMB=''
REPLACE_WCSFTIME=''
REPLACE_WCSNRTOMBS=''
REPLACE_WCSRTOMBS=''
REPLACE_WCSTOK=''
REPLACE_WCSWIDTH=''
REPLACE_WCTOB=''
REPLACE_WCTOMB=''
REPLACE_WCWIDTH=''
REPLACE_WRITE=''
SENDMAIL=''
SET_MAKE=''
SHELL='/bin/bash'
SIG_ATOMIC_T_SUFFIX=''
SIZE_T_SUFFIX=''
SOELIM=''
STDALIGN_H=''
STDARG_H=''
STDBOOL_H=''
STDDEF_H=''
STDINT_H=''
STRIP=''
SYS_TIME_H_DEFINES_STRUCT_TIMESPEC=''
TIME_H_DEFINES_STRUCT_TIMESPEC=''
UINT32_MAX_LT_UINTMAX_MAX=''
UINT64_MAX_EQ_ULONG_MAX=''
UNDEFINE_STRTOK_R=''
UNISTD_H_DEFINES_STRUCT_TIMESPEC=''
UNISTD_H_HAVE_SYS_RANDOM_H=''
UNISTD_H_HAVE_WINSOCK2_H=''
UNISTD_H_HAVE_WINSOCK2_H_AND_USE_SOCKETS=''
VERSION='5.10.0'
WCHAR_T_SUFFIX=''
WINDOWS_64_BIT_OFF_T=''
WINDOWS_64_BIT_ST_SIZE=''
WINDOWS_STAT_INODES=''
WINDOWS_STAT_TIMESPEC=''
WINT_T_SUFFIX=''
ac_ct_CC=''
am__EXEEXT_FALSE=''
am__EXEEXT_TRUE=''
am__fastdepCC_FALSE=''
am__fastdepCC_TRUE=''
am__include=''
am__isrc=''
am__leading_dot='.'
am__nodep=''
am__quote=''
am__tar='$${TAR-tar} chof - "$$tardir"'
am__untar='$${TAR-tar} xf -'
bindir='${exec_prefix}/bin'
build=''
build_alias=''
build_cpu=''
build_os=''
build_vendor=''
datadir='${datarootdir}'
datarootdir='${prefix}/share'
docdir='${datarootdir}/doc/${PACKAGE_TARNAME}'
dvidir='${docdir}'
exec_prefix='NONE'
gl_GNULIB_ENABLED_03e0aaad4cb89ca757653bd367a6ccb7_FALSE=''
gl_GNULIB_ENABLED_03e0aaad4cb89ca757653bd367a6ccb7_TRUE=''
gl_GNULIB_ENABLED_1840129d490f3a00c8a098316d0fa345_FALSE=''
gl_GNULIB_ENABLED_1840129d490f3a00c8a098316d0fa345_TRUE=''
gl_GNULIB_ENABLED_21ee726a3540c09237a8e70c0baf7467_FALSE=''
gl_GNULIB_ENABLED_21ee726a3540c09237a8e70c0baf7467_TRUE=''
gl_GNULIB_ENABLED_260941c0e5dc67ec9e87d1fb321c300b_FALSE=''
gl_GNULIB_ENABLED_260941c0e5dc67ec9e87d1fb321c300b_TRUE=''
gl_GNULIB_ENABLED_2f551a684aab5400633cbfd56df3bf94_FALSE=''
gl_GNULIB_ENABLED_2f551a684aab5400633cbfd56df3bf94_TRUE=''
gl_GNULIB_ENABLED_3d094ef542bfdd238a5194e172bfe5f6_FALSE=''
gl_GNULIB_ENABLED_3d094ef542bfdd238a5194e172bfe5f6_TRUE=''
gl_GNULIB_ENABLED_3f0e593033d1fc2c127581960f641b66_FALSE=''
gl_GNULIB_ENABLED_3f0e593033d1fc2c127581960f641b66_TRUE=''
gl_GNULIB_ENABLED_43fe87a341d9b4b93c47c3ad819a5239_FALSE=''
gl_GNULIB_ENABLED_43fe87a341d9b4b93c47c3ad819a5239_TRUE=''
gl_GNULIB_ENABLED_48b2271240803e4879464b755748a89d_FALSE=''
gl_GNULIB_ENABLED_48b2271240803e4879464b755748a89d_TRUE=''
gl_GNULIB_ENABLED_503a4cb75d69c787103d0aa2ab7d8440_FALSE=''
gl_GNULIB_ENABLED_503a4cb75d69c787103d0aa2ab7d8440_TRUE=''
gl_GNULIB_ENABLED_61bcaca76b3e6f9ae55d57a1c3193bc4_FALSE=''
gl_GNULIB_ENABLED_61bcaca76b3e6f9ae55d57a1c3193bc4_TRUE=''
gl_GNULIB_ENABLED_64142d6558df0059920a9be1d634dadf_FALSE=''
gl_GNULIB_ENABLED_64142d6558df0059920a9be1d634dadf_TRUE=''
gl_GNULIB_ENABLED_68a4501daeca58988392c7e60b4917ab_FALSE=''
gl_GNULIB_ENABLED_68a4501daeca58988392c7e60b4917ab_TRUE=''
gl_GNULIB_ENABLED_75c65a2c014cf8235dd95289676302a4_FALSE=''
gl_GNULIB_ENABLED_75c65a2c014cf8235dd95289676302a4_TRUE=''
gl_GNULIB_ENABLED_8198daae261b932d64a998f8586f5005_FALSE=''
gl_GNULIB_ENABLED_8198daae261b932d64a998f8586f5005_TRUE=''
gl_GNULIB_ENABLED_8bb827fe37eaccf1b97feb0c87bc92ef_FALSE=''
gl_GNULIB_ENABLED_8bb827fe37eaccf1b97feb0c87bc92ef_TRUE=''
gl_GNULIB_ENABLED_a691da99c1d83b83238e45f41a696f5c_FALSE=''
gl_GNULIB_ENABLED_a691da99c1d83b83238e45f41a696f5c_TRUE=''
gl_GNULIB_ENABLED_assure_FALSE=''
gl_GNULIB_ENABLED_assure_TRUE=''
gl_GNULIB_ENABLED_b1df7117b479d2da59d76deba468ee21_FALSE=''
gl_GNULIB_ENABLED_b1df7117b479d2da59d76deba468ee21_TRUE=''
gl_GNULIB_ENABLED_bba639f0cfd658540d716f3a2ba5e68f_FALSE=''
gl_GNULIB_ENABLED_bba639f0cfd658540d716f3a2ba5e68f_TRUE=''
gl_GNULIB_ENABLED_chdir_FALSE=''
gl_GNULIB_ENABLED_chdir_TRUE=''
gl_GNULIB_ENABLED_cloexec_FALSE=''
gl_GNULIB_ENABLED_cloexec_TRUE=''
gl_GNULIB_ENABLED_d4850532688ba16d685f036076611f21_FALSE=''
gl_GNULIB_ENABLED_d4850532688ba16d685f036076611f21_TRUE=''
gl_GNULIB_ENABLED_dbb57f49352be8fb86869629a254fb72_FALSE=''
gl_GNULIB_ENABLED_dbb57f49352be8fb86869629a254fb72_TRUE=''
gl_GNULIB_ENABLED_dbdf22868a5367f28bf18e0013ac6f8f_FALSE=''
gl_GNULIB_ENABLED_dbdf22868a5367f28bf18e0013ac6f8f_TRUE=''
gl_GNULIB_ENABLED_dirfd_FALSE=''
gl_GNULIB_ENABLED_dirfd_TRUE=''
gl_GNULIB_ENABLED_dup2_FALSE=''
gl_GNULIB_ENABLED_dup2_TRUE=''
gl_GNULIB_ENABLED_dup_FALSE=''
gl_GNULIB_ENABLED_dup_TRUE=''
gl_GNULIB_ENABLED_e0ca81912f23214e44f5700922db34be_FALSE=''
gl_GNULIB_ENABLED_e0ca81912f23214e44f5700922db34be_TRUE=''
gl_GNULIB_ENABLED_e1c6a1281ce2cc59c716894550bcb2b5_FALSE=''
gl_GNULIB_ENABLED_e1c6a1281ce2cc59c716894550bcb2b5_TRUE=''
gl_GNULIB_ENABLED_f0efff84a70f4afba30902bb8ffe9354_FALSE=''
gl_GNULIB_ENABLED_f0efff84a70f4afba30902bb8ffe9354_TRUE=''
gl_GNULIB_ENABLED_f9850631dca91859e9cddac9359921c0_FALSE=''
gl_GNULIB_ENABLED_f9850631dca91859e9cddac9359921c0_TRUE=''
gl_GNULIB_ENABLED_fca9852db2a43bb33f02f0fbdbc174f6_FALSE=''
gl_GNULIB_ENABLED_fca9852db2a43bb33f02f0fbdbc174f6_TRUE=''
gl_GNULIB_ENABLED_fchdir_FALSE=''
gl_GNULIB_ENABLED_fchdir_TRUE=''
gl_GNULIB_ENABLED_fdopendir_FALSE=''
gl_GNULIB_ENABLED_fdopendir_TRUE=''
gl_GNULIB_ENABLED_fpieee_FALSE=''
gl_GNULIB_ENABLED_fpieee_TRUE=''
gl_GNULIB_ENABLED_fpucw_FALSE=''
gl_GNULIB_ENABLED_fpucw_TRUE=''
gl_GNULIB_ENABLED_fstatat_FALSE=''
gl_GNULIB_ENABLED_fstatat_TRUE=''
gl_GNULIB_ENABLED_getdtablesize_FALSE=''
gl_GNULIB_ENABLED_getdtablesize_TRUE=''
gl_GNULIB_ENABLED_getrandom_FALSE=''
gl_GNULIB_ENABLED_getrandom_TRUE=''
gl_GNULIB_ENABLED_lock_FALSE=''
gl_GNULIB_ENABLED_lock_TRUE=''
gl_GNULIB_ENABLED_malloca_FALSE=''
gl_GNULIB_ENABLED_malloca_TRUE=''
gl_GNULIB_ENABLED_math_FALSE=''
gl_GNULIB_ENABLED_math_TRUE=''
gl_GNULIB_ENABLED_memrchr_FALSE=''
gl_GNULIB_ENABLED_memrchr_TRUE=''
gl_GNULIB_ENABLED_minmax_FALSE=''
gl_GNULIB_ENABLED_minmax_TRUE=''
gl_GNULIB_ENABLED_mkdir_FALSE=''
gl_GNULIB_ENABLED_mkdir_TRUE=''
gl_GNULIB_ENABLED_openat_FALSE=''
gl_GNULIB_ENABLED_openat_TRUE=''
gl_GNULIB_ENABLED_pathmax_FALSE=''
gl_GNULIB_ENABLED_pathmax_TRUE=''
gl_GNULIB_ENABLED_raise_FALSE=''
gl_GNULIB_ENABLED_raise_TRUE=''
gl_GNULIB_ENABLED_rewinddir_FALSE=''
gl_GNULIB_ENABLED_rewinddir_TRUE=''
gl_GNULIB_ENABLED_signbit_FALSE=''
gl_GNULIB_ENABLED_signbit_TRUE=''
gl_GNULIB_ENABLED_sigprocmask_FALSE=''
gl_GNULIB_ENABLED_sigprocmask_TRUE=''
gl_GNULIB_ENABLED_strerror_FALSE=''
gl_GNULIB_ENABLED_strerror_TRUE=''
gl_GNULIB_ENABLED_sys_random_FALSE=''
gl_GNULIB_ENABLED_sys_random_TRUE=''
gl_GNULIB_ENABLED_tempname_FALSE=''
gl_GNULIB_ENABLED_tempname_TRUE=''
gl_GNULIB_ENABLED_threadlib_FALSE=''
gl_GNULIB_ENABLED_threadlib_TRUE=''
gl_GNULIB_ENABLED_tls_FALSE=''
gl_GNULIB_ENABLED_tls_TRUE=''
gl_LIBOBJS=''
gl_LTLIBOBJS=''
gltests_LIBOBJS=''
gltests_LTLIBOBJS=''
gltests_WITNESS=''
host=''
host_alias=''
host_cpu=''
host_os=''
host_vendor=''
htmldir='${docdir}'
includedir='${prefix}/include'
infodir='${datarootdir}/info'
install_sh='${SHELL} /app/rcs-5.10.0/build-aux/install-sh'
libdir='${exec_prefix}/lib'
libexecdir='${exec_prefix}/libexec'
localedir='${datarootdir}/locale'
localstatedir='${prefix}/var'
mandir='${datarootdir}/man'
mkdir_p='$(MKDIR_P)'
oldincludedir='/usr/include'
pdfdir='${docdir}'
prefix='/home/jules/rcs_install'
program_transform_name='s,x,x,'
psdir='${docdir}'
runstatedir='${localstatedir}/run'
sbindir='${exec_prefix}/sbin'
sharedstatedir='${prefix}/com'
sysconfdir='${prefix}/etc'
target_alias=''

## ----------- ##
## confdefs.h. ##
## ----------- ##

/* confdefs.h */
#define PACKAGE_NAME "GNU RCS"
#define PACKAGE_TARNAME "rcs"
#define PACKAGE_VERSION "5.10.0"
#define PACKAGE_STRING "GNU RCS 5.10.0"
#define PACKAGE_BUGREPORT "bug-rcs@gnu.org"
#define PACKAGE_URL "https://www.gnu.org/software/rcs/"
#define DIFF "/usr/bin/diff"
#define DIFF_SUCCESS 0
#define DIFF_FAILURE 1
#define DIFF_TROUBLE 2
#define DIFFFLAGS "-an"
#define DIFF_L 1
#define DIFF3 "/usr/bin/diff3"
#define DIFF3_BIN 1

configure: exit 1
